{"/home/ollie/Development/Projects/ai-pr-guardian/src/config.ts": {"path":"/home/ollie/Development/Projects/ai-pr-guardian/src/config.ts","statementMap":{"0":{"start":{"line":27,"column":0},"end":{"line":27,"column":16}},"1":{"start":{"line":49,"column":0},"end":{"line":49,"column":16}},"2":{"start":{"line":14,"column":13},"end":{"line":25,"column":2}},"3":{"start":{"line":28,"column":17},"end":{"line":28,"column":76}},"4":{"start":{"line":30,"column":2},"end":{"line":32,"column":3}},"5":{"start":{"line":31,"column":4},"end":{"line":31,"column":65}},"6":{"start":{"line":33,"column":2},"end":{"line":35,"column":3}},"7":{"start":{"line":34,"column":4},"end":{"line":34,"column":47}},"8":{"start":{"line":36,"column":2},"end":{"line":38,"column":3}},"9":{"start":{"line":37,"column":4},"end":{"line":37,"column":95}},"10":{"start":{"line":39,"column":2},"end":{"line":41,"column":3}},"11":{"start":{"line":40,"column":4},"end":{"line":40,"column":112}},"12":{"start":{"line":40,"column":89},"end":{"line":40,"column":110}},"13":{"start":{"line":42,"column":2},"end":{"line":44,"column":3}},"14":{"start":{"line":43,"column":4},"end":{"line":43,"column":108}},"15":{"start":{"line":43,"column":85},"end":{"line":43,"column":106}},"16":{"start":{"line":46,"column":2},"end":{"line":46,"column":16}},"17":{"start":{"line":50,"column":2},"end":{"line":55,"column":3}},"18":{"start":{"line":51,"column":20},"end":{"line":51,"column":85}},"19":{"start":{"line":52,"column":4},"end":{"line":54,"column":5}},"20":{"start":{"line":53,"column":6},"end":{"line":53,"column":18}},"21":{"start":{"line":56,"column":2},"end":{"line":56,"column":15}}},"fnMap":{"0":{"name":"parseConfig","decl":{"start":{"line":27,"column":16},"end":{"line":27,"column":27}},"loc":{"start":{"line":27,"column":56},"end":{"line":47,"column":1}}},"1":{"name":"(anonymous_1)","decl":{"start":{"line":40,"column":69},"end":{"line":40,"column":70}},"loc":{"start":{"line":40,"column":89},"end":{"line":40,"column":110}}},"2":{"name":"(anonymous_2)","decl":{"start":{"line":43,"column":65},"end":{"line":43,"column":66}},"loc":{"start":{"line":43,"column":85},"end":{"line":43,"column":106}}},"3":{"name":"isIgnoredPath","decl":{"start":{"line":49,"column":16},"end":{"line":49,"column":29}},"loc":{"start":{"line":49,"column":66},"end":{"line":57,"column":1}}}},"branchMap":{"0":{"loc":{"start":{"line":30,"column":2},"end":{"line":32,"column":3}},"type":"if","locations":[{"start":{"line":30,"column":2},"end":{"line":32,"column":3}}]},"1":{"loc":{"start":{"line":33,"column":2},"end":{"line":35,"column":3}},"type":"if","locations":[{"start":{"line":33,"column":2},"end":{"line":35,"column":3}}]},"2":{"loc":{"start":{"line":33,"column":6},"end":{"line":33,"column":138}},"type":"binary-expr","locations":[{"start":{"line":33,"column":6},"end":{"line":33,"column":38}},{"start":{"line":33,"column":42},"end":{"line":33,"column":72}},{"start":{"line":33,"column":76},"end":{"line":33,"column":106}},{"start":{"line":33,"column":110},"end":{"line":33,"column":138}}]},"3":{"loc":{"start":{"line":36,"column":2},"end":{"line":38,"column":3}},"type":"if","locations":[{"start":{"line":36,"column":2},"end":{"line":38,"column":3}}]},"4":{"loc":{"start":{"line":36,"column":6},"end":{"line":36,"column":80}},"type":"binary-expr","locations":[{"start":{"line":36,"column":6},"end":{"line":36,"column":16}},{"start":{"line":36,"column":20},"end":{"line":36,"column":50}},{"start":{"line":36,"column":54},"end":{"line":36,"column":80}}]},"5":{"loc":{"start":{"line":39,"column":2},"end":{"line":41,"column":3}},"type":"if","locations":[{"start":{"line":39,"column":2},"end":{"line":41,"column":3}}]},"6":{"loc":{"start":{"line":42,"column":2},"end":{"line":44,"column":3}},"type":"if","locations":[{"start":{"line":42,"column":2},"end":{"line":44,"column":3}}]},"7":{"loc":{"start":{"line":52,"column":4},"end":{"line":54,"column":5}},"type":"if","locations":[{"start":{"line":52,"column":4},"end":{"line":54,"column":5}}]},"8":{"loc":{"start":{"line":52,"column":8},"end":{"line":52,"column":98}},"type":"binary-expr","locations":[{"start":{"line":52,"column":8},"end":{"line":52,"column":54}},{"start":{"line":52,"column":58},"end":{"line":52,"column":98}}]}},"s":{"0":3,"1":3,"2":3,"3":12,"4":12,"5":3,"6":12,"7":4,"8":12,"9":1,"10":12,"11":1,"12":2,"13":12,"14":1,"15":2,"16":12,"17":42,"18":5,"19":5,"20":4,"21":38},"f":{"0":12,"1":2,"2":2,"3":42},"b":{"0":[3],"1":[4],"2":[12,11,10,9],"3":[1],"4":[12,1,1],"5":[1],"6":[1],"7":[4],"8":[5,1]}}
,"/home/ollie/Development/Projects/ai-pr-guardian/src/detector.ts": {"path":"/home/ollie/Development/Projects/ai-pr-guardian/src/detector.ts","statementMap":{"0":{"start":{"line":33,"column":0},"end":{"line":33,"column":16}},"1":{"start":{"line":20,"column":29},"end":{"line":25,"column":2}},"2":{"start":{"line":27,"column":32},"end":{"line":31,"column":2}},"3":{"start":{"line":39,"column":28},"end":{"line":39,"column":30}},"4":{"start":{"line":40,"column":19},"end":{"line":40,"column":20}},"5":{"start":{"line":42,"column":19},"end":{"line":42,"column":20}},"6":{"start":{"line":43,"column":25},"end":{"line":43,"column":26}},"7":{"start":{"line":44,"column":2},"end":{"line":57,"column":3}},"8":{"start":{"line":45,"column":4},"end":{"line":45,"column":30}},"9":{"start":{"line":45,"column":21},"end":{"line":45,"column":30}},"10":{"start":{"line":46,"column":18},"end":{"line":46,"column":40}},"11":{"start":{"line":47,"column":4},"end":{"line":47,"column":31}},"12":{"start":{"line":48,"column":4},"end":{"line":56,"column":5}},"13":{"start":{"line":49,"column":6},"end":{"line":55,"column":7}},"14":{"start":{"line":50,"column":8},"end":{"line":50,"column":30}},"15":{"start":{"line":51,"column":8},"end":{"line":54,"column":9}},"16":{"start":{"line":52,"column":10},"end":{"line":52,"column":32}},"17":{"start":{"line":53,"column":10},"end":{"line":53,"column":16}},"18":{"start":{"line":58,"column":2},"end":{"line":61,"column":3}},"19":{"start":{"line":59,"column":4},"end":{"line":59,"column":109}},"20":{"start":{"line":60,"column":4},"end":{"line":60,"column":21}},"21":{"start":{"line":63,"column":2},"end":{"line":66,"column":3}},"22":{"start":{"line":64,"column":4},"end":{"line":64,"column":83}},"23":{"start":{"line":65,"column":4},"end":{"line":65,"column":21}},"24":{"start":{"line":68,"column":2},"end":{"line":80,"column":3}},"25":{"start":{"line":69,"column":4},"end":{"line":69,"column":30}},"26":{"start":{"line":69,"column":21},"end":{"line":69,"column":30}},"27":{"start":{"line":70,"column":23},"end":{"line":70,"column":119}},"28":{"start":{"line":70,"column":58},"end":{"line":70,"column":99}},"29":{"start":{"line":70,"column":110},"end":{"line":70,"column":118}},"30":{"start":{"line":71,"column":4},"end":{"line":79,"column":5}},"31":{"start":{"line":72,"column":18},"end":{"line":72,"column":75}},"32":{"start":{"line":72,"column":46},"end":{"line":72,"column":51}},"33":{"start":{"line":73,"column":23},"end":{"line":73,"column":103}},"34":{"start":{"line":73,"column":53},"end":{"line":73,"column":79}},"35":{"start":{"line":74,"column":6},"end":{"line":78,"column":7}},"36":{"start":{"line":75,"column":8},"end":{"line":75,"column":78}},"37":{"start":{"line":76,"column":8},"end":{"line":76,"column":25}},"38":{"start":{"line":77,"column":8},"end":{"line":77,"column":14}},"39":{"start":{"line":82,"column":25},"end":{"line":83,"column":null}},"40":{"start":{"line":83,"column":4},"end":{"line":83,"column":107}},"41":{"start":{"line":83,"column":40},"end":{"line":83,"column":56}},"42":{"start":{"line":83,"column":57},"end":{"line":83,"column":104}},"43":{"start":{"line":85,"column":2},"end":{"line":88,"column":3}},"44":{"start":{"line":86,"column":4},"end":{"line":86,"column":127}},"45":{"start":{"line":86,"column":73},"end":{"line":86,"column":113}},"46":{"start":{"line":87,"column":4},"end":{"line":87,"column":68}},"47":{"start":{"line":90,"column":2},"end":{"line":99,"column":3}},"48":{"start":{"line":91,"column":4},"end":{"line":91,"column":30}},"49":{"start":{"line":91,"column":21},"end":{"line":91,"column":30}},"50":{"start":{"line":92,"column":23},"end":{"line":92,"column":100}},"51":{"start":{"line":92,"column":58},"end":{"line":92,"column":99}},"52":{"start":{"line":93,"column":20},"end":{"line":93,"column":39}},"53":{"start":{"line":94,"column":4},"end":{"line":98,"column":5}},"54":{"start":{"line":95,"column":6},"end":{"line":95,"column":65}},"55":{"start":{"line":96,"column":6},"end":{"line":96,"column":23}},"56":{"start":{"line":97,"column":6},"end":{"line":97,"column":12}},"57":{"start":{"line":101,"column":2},"end":{"line":101,"column":41}},"58":{"start":{"line":102,"column":24},"end":{"line":102,"column":40}},"59":{"start":{"line":104,"column":2},"end":{"line":104,"column":48}}},"fnMap":{"0":{"name":"detectAiGenerated","decl":{"start":{"line":33,"column":16},"end":{"line":33,"column":33}},"loc":{"start":{"line":37,"column":24},"end":{"line":105,"column":1}}},"1":{"name":"(anonymous_1)","decl":{"start":{"line":70,"column":53},"end":{"line":70,"column":54}},"loc":{"start":{"line":70,"column":58},"end":{"line":70,"column":99}}},"2":{"name":"(anonymous_2)","decl":{"start":{"line":70,"column":105},"end":{"line":70,"column":106}},"loc":{"start":{"line":70,"column":110},"end":{"line":70,"column":118}}},"3":{"name":"(anonymous_3)","decl":{"start":{"line":72,"column":36},"end":{"line":72,"column":37}},"loc":{"start":{"line":72,"column":46},"end":{"line":72,"column":51}}},"4":{"name":"(anonymous_4)","decl":{"start":{"line":73,"column":41},"end":{"line":73,"column":42}},"loc":{"start":{"line":73,"column":53},"end":{"line":73,"column":79}}},"5":{"name":"(anonymous_5)","decl":{"start":{"line":82,"column":40},"end":{"line":82,"column":41}},"loc":{"start":{"line":83,"column":4},"end":{"line":83,"column":107}}},"6":{"name":"(anonymous_6)","decl":{"start":{"line":83,"column":33},"end":{"line":83,"column":34}},"loc":{"start":{"line":83,"column":37},"end":{"line":83,"column":106}}},"7":{"name":"(anonymous_7)","decl":{"start":{"line":86,"column":68},"end":{"line":86,"column":69}},"loc":{"start":{"line":86,"column":73},"end":{"line":86,"column":113}}},"8":{"name":"(anonymous_8)","decl":{"start":{"line":92,"column":53},"end":{"line":92,"column":54}},"loc":{"start":{"line":92,"column":58},"end":{"line":92,"column":99}}}},"branchMap":{"0":{"loc":{"start":{"line":45,"column":4},"end":{"line":45,"column":30}},"type":"if","locations":[{"start":{"line":45,"column":4},"end":{"line":45,"column":30}}]},"1":{"loc":{"start":{"line":51,"column":8},"end":{"line":54,"column":9}},"type":"if","locations":[{"start":{"line":51,"column":8},"end":{"line":54,"column":9}}]},"2":{"loc":{"start":{"line":58,"column":2},"end":{"line":61,"column":3}},"type":"if","locations":[{"start":{"line":58,"column":2},"end":{"line":61,"column":3}}]},"3":{"loc":{"start":{"line":58,"column":6},"end":{"line":58,"column":60}},"type":"binary-expr","locations":[{"start":{"line":58,"column":6},"end":{"line":58,"column":20}},{"start":{"line":58,"column":24},"end":{"line":58,"column":60}}]},"4":{"loc":{"start":{"line":63,"column":2},"end":{"line":66,"column":3}},"type":"if","locations":[{"start":{"line":63,"column":2},"end":{"line":66,"column":3}}]},"5":{"loc":{"start":{"line":63,"column":6},"end":{"line":63,"column":50}},"type":"binary-expr","locations":[{"start":{"line":63,"column":6},"end":{"line":63,"column":26}},{"start":{"line":63,"column":30},"end":{"line":63,"column":50}}]},"6":{"loc":{"start":{"line":69,"column":4},"end":{"line":69,"column":30}},"type":"if","locations":[{"start":{"line":69,"column":4},"end":{"line":69,"column":30}}]},"7":{"loc":{"start":{"line":70,"column":58},"end":{"line":70,"column":99}},"type":"binary-expr","locations":[{"start":{"line":70,"column":58},"end":{"line":70,"column":75}},{"start":{"line":70,"column":79},"end":{"line":70,"column":99}}]},"8":{"loc":{"start":{"line":71,"column":4},"end":{"line":79,"column":5}},"type":"if","locations":[{"start":{"line":71,"column":4},"end":{"line":79,"column":5}}]},"9":{"loc":{"start":{"line":74,"column":6},"end":{"line":78,"column":7}},"type":"if","locations":[{"start":{"line":74,"column":6},"end":{"line":78,"column":7}}]},"10":{"loc":{"start":{"line":74,"column":10},"end":{"line":74,"column":35}},"type":"binary-expr","locations":[{"start":{"line":74,"column":10},"end":{"line":74,"column":23}},{"start":{"line":74,"column":27},"end":{"line":74,"column":35}}]},"11":{"loc":{"start":{"line":85,"column":2},"end":{"line":88,"column":3}},"type":"if","locations":[{"start":{"line":85,"column":2},"end":{"line":88,"column":3}}]},"12":{"loc":{"start":{"line":87,"column":18},"end":{"line":87,"column":67}},"type":"cond-expr","locations":[{"start":{"line":87,"column":60},"end":{"line":87,"column":62}},{"start":{"line":87,"column":65},"end":{"line":87,"column":67}}]},"13":{"loc":{"start":{"line":91,"column":4},"end":{"line":91,"column":30}},"type":"if","locations":[{"start":{"line":91,"column":4},"end":{"line":91,"column":30}}]},"14":{"loc":{"start":{"line":92,"column":58},"end":{"line":92,"column":99}},"type":"binary-expr","locations":[{"start":{"line":92,"column":58},"end":{"line":92,"column":75}},{"start":{"line":92,"column":79},"end":{"line":92,"column":99}}]},"15":{"loc":{"start":{"line":94,"column":4},"end":{"line":98,"column":5}},"type":"if","locations":[{"start":{"line":94,"column":4},"end":{"line":98,"column":5}}]},"16":{"loc":{"start":{"line":94,"column":8},"end":{"line":94,"column":72}},"type":"binary-expr","locations":[{"start":{"line":94,"column":8},"end":{"line":94,"column":30}},{"start":{"line":94,"column":34},"end":{"line":94,"column":72}}]}},"s":{"0":1,"1":1,"2":1,"3":7,"4":7,"5":7,"6":7,"7":7,"8":7,"9":0,"10":7,"11":7,"12":7,"13":71,"14":134,"15":134,"16":50,"17":50,"18":7,"19":2,"20":2,"21":7,"22":2,"23":2,"24":7,"25":7,"26":0,"27":7,"28":71,"29":69,"30":7,"31":3,"32":63,"33":3,"34":63,"35":3,"36":2,"37":2,"38":2,"39":7,"40":7,"41":17,"42":17,"43":7,"44":2,"45":2,"46":2,"47":7,"48":7,"49":0,"50":7,"51":71,"52":7,"53":7,"54":3,"55":3,"56":3,"57":7,"58":7,"59":7},"f":{"0":7,"1":71,"2":69,"3":63,"4":63,"5":7,"6":17,"7":2,"8":71},"b":{"0":[0],"1":[50],"2":[2],"3":[7,7],"4":[2],"5":[7,2],"6":[0],"7":[71,70],"8":[3],"9":[2],"10":[3,3],"11":[2],"12":[2,0],"13":[0],"14":[71,70],"15":[3],"16":[7,3]}}
,"/home/ollie/Development/Projects/ai-pr-guardian/src/index.ts": {"path":"/home/ollie/Development/Projects/ai-pr-guardian/src/index.ts","statementMap":{"0":{"start":{"line":1,"column":0},"end":{"line":1,"column":38}},"1":{"start":{"line":2,"column":0},"end":{"line":2,"column":42}},"2":{"start":{"line":3,"column":0},"end":{"line":3,"column":25}},"3":{"start":{"line":4,"column":0},"end":{"line":4,"column":29}},"4":{"start":{"line":5,"column":0},"end":{"line":5,"column":71}},"5":{"start":{"line":6,"column":0},"end":{"line":6,"column":76}},"6":{"start":{"line":7,"column":0},"end":{"line":7,"column":35}},"7":{"start":{"line":8,"column":0},"end":{"line":8,"column":42}},"8":{"start":{"line":9,"column":0},"end":{"line":9,"column":41}},"9":{"start":{"line":12,"column":2},"end":{"line":110,"column":3}},"10":{"start":{"line":13,"column":18},"end":{"line":13,"column":67}},"11":{"start":{"line":14,"column":27},"end":{"line":14,"column":53}},"12":{"start":{"line":15,"column":24},"end":{"line":15,"column":47}},"13":{"start":{"line":16,"column":23},"end":{"line":16,"column":51}},"14":{"start":{"line":18,"column":20},"end":{"line":18,"column":44}},"15":{"start":{"line":19,"column":20},"end":{"line":19,"column":34}},"16":{"start":{"line":21,"column":4},"end":{"line":24,"column":5}},"17":{"start":{"line":22,"column":6},"end":{"line":22,"column":55}},"18":{"start":{"line":23,"column":6},"end":{"line":23,"column":13}},"19":{"start":{"line":26,"column":15},"end":{"line":26,"column":43}},"20":{"start":{"line":27,"column":21},"end":{"line":27,"column":40}},"21":{"start":{"line":28,"column":22},"end":{"line":28,"column":57}},"22":{"start":{"line":29,"column":18},"end":{"line":29,"column":36}},"23":{"start":{"line":30,"column":17},"end":{"line":30,"column":34}},"24":{"start":{"line":32,"column":33},"end":{"line":32,"column":54}},"25":{"start":{"line":34,"column":4},"end":{"line":44,"column":5}},"26":{"start":{"line":35,"column":22},"end":{"line":35,"column":46}},"27":{"start":{"line":36,"column":6},"end":{"line":43,"column":7}},"28":{"start":{"line":37,"column":8},"end":{"line":42,"column":9}},"29":{"start":{"line":38,"column":22},"end":{"line":38,"column":93}},"30":{"start":{"line":39,"column":10},"end":{"line":39,"column":36}},"31":{"start":{"line":41,"column":10},"end":{"line":41,"column":71}},"32":{"start":{"line":46,"column":4},"end":{"line":49,"column":5}},"33":{"start":{"line":47,"column":16},"end":{"line":47,"column":44}},"34":{"start":{"line":48,"column":6},"end":{"line":48,"column":70}},"35":{"start":{"line":48,"column":21},"end":{"line":48,"column":70}},"36":{"start":{"line":50,"column":4},"end":{"line":52,"column":5}},"37":{"start":{"line":51,"column":6},"end":{"line":51,"column":78}},"38":{"start":{"line":54,"column":4},"end":{"line":57,"column":5}},"39":{"start":{"line":55,"column":6},"end":{"line":55,"column":72}},"40":{"start":{"line":56,"column":6},"end":{"line":56,"column":13}},"41":{"start":{"line":59,"column":22},"end":{"line":59,"column":111}},"42":{"start":{"line":60,"column":37},"end":{"line":67,"column":7}},"43":{"start":{"line":60,"column":62},"end":{"line":67,"column":6}},"44":{"start":{"line":69,"column":24},"end":{"line":69,"column":115}},"45":{"start":{"line":70,"column":34},"end":{"line":70,"column":92}},"46":{"start":{"line":70,"column":61},"end":{"line":70,"column":90}},"47":{"start":{"line":72,"column":28},"end":{"line":72,"column":97}},"48":{"start":{"line":72,"column":78},"end":{"line":72,"column":93}},"49":{"start":{"line":73,"column":28},"end":{"line":73,"column":97}},"50":{"start":{"line":73,"column":78},"end":{"line":73,"column":93}},"51":{"start":{"line":75,"column":22},"end":{"line":75,"column":87}},"52":{"start":{"line":76,"column":18},"end":{"line":76,"column":62}},"53":{"start":{"line":77,"column":19},"end":{"line":77,"column":77}},"54":{"start":{"line":78,"column":19},"end":{"line":78,"column":58}},"55":{"start":{"line":80,"column":4},"end":{"line":80,"column":49}},"56":{"start":{"line":81,"column":4},"end":{"line":81,"column":49}},"57":{"start":{"line":82,"column":4},"end":{"line":82,"column":71}},"58":{"start":{"line":83,"column":4},"end":{"line":83,"column":37}},"59":{"start":{"line":85,"column":22},"end":{"line":85,"column":52}},"60":{"start":{"line":86,"column":19},"end":{"line":86,"column":40}},"61":{"start":{"line":88,"column":4},"end":{"line":90,"column":5}},"62":{"start":{"line":89,"column":6},"end":{"line":89,"column":101}},"63":{"start":{"line":92,"column":4},"end":{"line":96,"column":5}},"64":{"start":{"line":93,"column":6},"end":{"line":95,"column":7}},"65":{"start":{"line":94,"column":8},"end":{"line":94,"column":146}},"66":{"start":{"line":94,"column":14},"end":{"line":94,"column":108}},"67":{"start":{"line":98,"column":4},"end":{"line":101,"column":5}},"68":{"start":{"line":99,"column":6},"end":{"line":99,"column":95}},"69":{"start":{"line":100,"column":6},"end":{"line":100,"column":122}},"70":{"start":{"line":103,"column":4},"end":{"line":107,"column":5}},"71":{"start":{"line":104,"column":6},"end":{"line":104,"column":104}},"72":{"start":{"line":106,"column":6},"end":{"line":106,"column":97}},"73":{"start":{"line":109,"column":4},"end":{"line":109,"column":75}},"74":{"start":{"line":113,"column":0},"end":{"line":113,"column":6}}},"fnMap":{"0":{"name":"run","decl":{"start":{"line":11,"column":15},"end":{"line":11,"column":18}},"loc":{"start":{"line":11,"column":18},"end":{"line":111,"column":1}}},"1":{"name":"(anonymous_10)","decl":{"start":{"line":60,"column":56},"end":{"line":60,"column":57}},"loc":{"start":{"line":60,"column":62},"end":{"line":67,"column":6}}},"2":{"name":"(anonymous_11)","decl":{"start":{"line":70,"column":55},"end":{"line":70,"column":56}},"loc":{"start":{"line":70,"column":61},"end":{"line":70,"column":90}}},"3":{"name":"(anonymous_12)","decl":{"start":{"line":72,"column":68},"end":{"line":72,"column":69}},"loc":{"start":{"line":72,"column":78},"end":{"line":72,"column":93}}},"4":{"name":"(anonymous_13)","decl":{"start":{"line":73,"column":68},"end":{"line":73,"column":69}},"loc":{"start":{"line":73,"column":78},"end":{"line":73,"column":93}}}},"branchMap":{"0":{"loc":{"start":{"line":21,"column":4},"end":{"line":24,"column":5}},"type":"if","locations":[{"start":{"line":21,"column":4},"end":{"line":24,"column":5}}]},"1":{"loc":{"start":{"line":34,"column":4},"end":{"line":44,"column":5}},"type":"if","locations":[{"start":{"line":34,"column":4},"end":{"line":44,"column":5}}]},"2":{"loc":{"start":{"line":36,"column":6},"end":{"line":43,"column":7}},"type":"if","locations":[{"start":{"line":36,"column":6},"end":{"line":43,"column":7}}]},"3":{"loc":{"start":{"line":46,"column":4},"end":{"line":49,"column":5}},"type":"if","locations":[{"start":{"line":46,"column":4},"end":{"line":49,"column":5}}]},"4":{"loc":{"start":{"line":48,"column":6},"end":{"line":48,"column":70}},"type":"if","locations":[{"start":{"line":48,"column":6},"end":{"line":48,"column":70}}]},"5":{"loc":{"start":{"line":50,"column":4},"end":{"line":52,"column":5}},"type":"if","locations":[{"start":{"line":50,"column":4},"end":{"line":52,"column":5}}]},"6":{"loc":{"start":{"line":50,"column":8},"end":{"line":50,"column":81}},"type":"binary-expr","locations":[{"start":{"line":50,"column":8},"end":{"line":50,"column":19}},{"start":{"line":50,"column":23},"end":{"line":50,"column":81}}]},"7":{"loc":{"start":{"line":54,"column":4},"end":{"line":57,"column":5}},"type":"if","locations":[{"start":{"line":54,"column":4},"end":{"line":57,"column":5}}]},"8":{"loc":{"start":{"line":72,"column":28},"end":{"line":72,"column":97}},"type":"binary-expr","locations":[{"start":{"line":72,"column":28},"end":{"line":72,"column":51}},{"start":{"line":72,"column":55},"end":{"line":72,"column":97}}]},"9":{"loc":{"start":{"line":73,"column":28},"end":{"line":73,"column":97}},"type":"binary-expr","locations":[{"start":{"line":73,"column":28},"end":{"line":73,"column":51}},{"start":{"line":73,"column":55},"end":{"line":73,"column":97}}]},"10":{"loc":{"start":{"line":88,"column":4},"end":{"line":90,"column":5}},"type":"if","locations":[{"start":{"line":88,"column":4},"end":{"line":90,"column":5}}]},"11":{"loc":{"start":{"line":88,"column":8},"end":{"line":88,"column":48}},"type":"binary-expr","locations":[{"start":{"line":88,"column":8},"end":{"line":88,"column":28}},{"start":{"line":88,"column":32},"end":{"line":88,"column":48}}]},"12":{"loc":{"start":{"line":92,"column":4},"end":{"line":96,"column":5}},"type":"if","locations":[{"start":{"line":92,"column":4},"end":{"line":96,"column":5}}]},"13":{"loc":{"start":{"line":92,"column":8},"end":{"line":92,"column":46}},"type":"binary-expr","locations":[{"start":{"line":92,"column":8},"end":{"line":92,"column":26}},{"start":{"line":92,"column":30},"end":{"line":92,"column":46}}]},"14":{"loc":{"start":{"line":98,"column":4},"end":{"line":101,"column":5}},"type":"if","locations":[{"start":{"line":98,"column":4},"end":{"line":101,"column":5}}]},"15":{"loc":{"start":{"line":98,"column":8},"end":{"line":98,"column":61}},"type":"binary-expr","locations":[{"start":{"line":98,"column":9},"end":{"line":98,"column":27}},{"start":{"line":98,"column":31},"end":{"line":98,"column":47}},{"start":{"line":98,"column":52},"end":{"line":98,"column":61}}]},"16":{"loc":{"start":{"line":103,"column":4},"end":{"line":107,"column":5}},"type":"if","locations":[{"start":{"line":103,"column":4},"end":{"line":107,"column":5}},{"start":{"line":105,"column":11},"end":{"line":107,"column":5}}]},"17":{"loc":{"start":{"line":109,"column":19},"end":{"line":109,"column":73}},"type":"cond-expr","locations":[{"start":{"line":109,"column":44},"end":{"line":109,"column":57}},{"start":{"line":109,"column":60},"end":{"line":109,"column":73}}]}},"s":{"0":0,"1":0,"2":0,"3":0,"4":0,"5":0,"6":0,"7":0,"8":0,"9":0,"10":0,"11":0,"12":0,"13":0,"14":0,"15":0,"16":0,"17":0,"18":0,"19":0,"20":0,"21":0,"22":0,"23":0,"24":0,"25":0,"26":0,"27":0,"28":0,"29":0,"30":0,"31":0,"32":0,"33":0,"34":0,"35":0,"36":0,"37":0,"38":0,"39":0,"40":0,"41":0,"42":0,"43":0,"44":0,"45":0,"46":0,"47":0,"48":0,"49":0,"50":0,"51":0,"52":0,"53":0,"54":0,"55":0,"56":0,"57":0,"58":0,"59":0,"60":0,"61":0,"62":0,"63":0,"64":0,"65":0,"66":0,"67":0,"68":0,"69":0,"70":0,"71":0,"72":0,"73":0,"74":0},"f":{"0":0,"1":0,"2":0,"3":0,"4":0},"b":{"0":[0],"1":[0],"2":[0],"3":[0],"4":[0],"5":[0],"6":[0,0],"7":[0],"8":[0,0],"9":[0,0],"10":[0],"11":[0,0],"12":[0],"13":[0,0],"14":[0],"15":[0,0,0],"16":[0,0],"17":[0,0]}}
,"/home/ollie/Development/Projects/ai-pr-guardian/src/labels.ts": {"path":"/home/ollie/Development/Projects/ai-pr-guardian/src/labels.ts","statementMap":{"0":{"start":{"line":10,"column":0},"end":{"line":10,"column":16}},"1":{"start":{"line":15,"column":24},"end":{"line":15,"column":26}},"2":{"start":{"line":16,"column":27},"end":{"line":16,"column":29}},"3":{"start":{"line":18,"column":2},"end":{"line":27,"column":3}},"4":{"start":{"line":19,"column":4},"end":{"line":19,"column":33}},"5":{"start":{"line":20,"column":4},"end":{"line":20,"column":57}},"6":{"start":{"line":21,"column":9},"end":{"line":27,"column":3}},"7":{"start":{"line":22,"column":4},"end":{"line":22,"column":35}},"8":{"start":{"line":23,"column":4},"end":{"line":23,"column":55}},"9":{"start":{"line":25,"column":4},"end":{"line":25,"column":32}},"10":{"start":{"line":26,"column":4},"end":{"line":26,"column":58}},"11":{"start":{"line":29,"column":2},"end":{"line":33,"column":3}},"12":{"start":{"line":30,"column":4},"end":{"line":30,"column":44}},"13":{"start":{"line":32,"column":4},"end":{"line":32,"column":47}},"14":{"start":{"line":35,"column":2},"end":{"line":38,"column":4}},"15":{"start":{"line":37,"column":43},"end":{"line":37,"column":59}}},"fnMap":{"0":{"name":"computeLabels","decl":{"start":{"line":10,"column":16},"end":{"line":10,"column":29}},"loc":{"start":{"line":13,"column":24},"end":{"line":39,"column":1}}},"1":{"name":"(anonymous_1)","decl":{"start":{"line":37,"column":38},"end":{"line":37,"column":39}},"loc":{"start":{"line":37,"column":43},"end":{"line":37,"column":59}}}},"branchMap":{"0":{"loc":{"start":{"line":18,"column":2},"end":{"line":27,"column":3}},"type":"if","locations":[{"start":{"line":18,"column":2},"end":{"line":27,"column":3}},{"start":{"line":21,"column":9},"end":{"line":27,"column":3}}]},"1":{"loc":{"start":{"line":21,"column":9},"end":{"line":27,"column":3}},"type":"if","locations":[{"start":{"line":21,"column":9},"end":{"line":27,"column":3}},{"start":{"line":24,"column":9},"end":{"line":27,"column":3}}]},"2":{"loc":{"start":{"line":29,"column":2},"end":{"line":33,"column":3}},"type":"if","locations":[{"start":{"line":29,"column":2},"end":{"line":33,"column":3}},{"start":{"line":31,"column":9},"end":{"line":33,"column":3}}]}},"s":{"0":1,"1":7,"2":7,"3":7,"4":4,"5":4,"6":3,"7":2,"8":2,"9":1,"10":1,"11":7,"12":3,"13":4,"14":7,"15":18},"f":{"0":7,"1":18},"b":{"0":[4,3],"1":[2,1],"2":[3,4]}}
,"/home/ollie/Development/Projects/ai-pr-guardian/src/reporter.ts": {"path":"/home/ollie/Development/Projects/ai-pr-guardian/src/reporter.ts","statementMap":{"0":{"start":{"line":4,"column":0},"end":{"line":4,"column":16}},"1":{"start":{"line":10,"column":45},"end":{"line":10,"column":92}},"2":{"start":{"line":11,"column":18},"end":{"line":11,"column":55}},"3":{"start":{"line":13,"column":16},"end":{"line":35,"column":4}},"4":{"start":{"line":37,"column":2},"end":{"line":43,"column":3}},"5":{"start":{"line":38,"column":4},"end":{"line":38,"column":50}},"6":{"start":{"line":39,"column":4},"end":{"line":41,"column":5}},"7":{"start":{"line":40,"column":6},"end":{"line":40,"column":32}},"8":{"start":{"line":42,"column":4},"end":{"line":42,"column":19}},"9":{"start":{"line":45,"column":2},"end":{"line":62,"column":3}},"10":{"start":{"line":46,"column":4},"end":{"line":52,"column":6}},"11":{"start":{"line":53,"column":4},"end":{"line":53,"column":77}},"12":{"start":{"line":53,"column":38},"end":{"line":53,"column":77}},"13":{"start":{"line":54,"column":4},"end":{"line":54,"column":115}},"14":{"start":{"line":54,"column":41},"end":{"line":54,"column":115}},"15":{"start":{"line":55,"column":4},"end":{"line":55,"column":76}},"16":{"start":{"line":55,"column":36},"end":{"line":55,"column":76}},"17":{"start":{"line":56,"column":4},"end":{"line":56,"column":105}},"18":{"start":{"line":56,"column":32},"end":{"line":56,"column":105}},"19":{"start":{"line":57,"column":4},"end":{"line":57,"column":88}},"20":{"start":{"line":57,"column":34},"end":{"line":57,"column":88}},"21":{"start":{"line":58,"column":4},"end":{"line":58,"column":100}},"22":{"start":{"line":58,"column":37},"end":{"line":58,"column":100}},"23":{"start":{"line":59,"column":4},"end":{"line":59,"column":19}},"24":{"start":{"line":61,"column":4},"end":{"line":61,"column":130}},"25":{"start":{"line":64,"column":2},"end":{"line":64,"column":97}},"26":{"start":{"line":66,"column":2},"end":{"line":66,"column":26}}},"fnMap":{"0":{"name":"formatReport","decl":{"start":{"line":4,"column":16},"end":{"line":4,"column":28}},"loc":{"start":{"line":8,"column":19},"end":{"line":67,"column":1}}}},"branchMap":{"0":{"loc":{"start":{"line":11,"column":18},"end":{"line":11,"column":55}},"type":"cond-expr","locations":[{"start":{"line":11,"column":44},"end":{"line":11,"column":48}},{"start":{"line":11,"column":51},"end":{"line":11,"column":55}}]},"1":{"loc":{"start":{"line":20,"column":47},"end":{"line":20,"column":156}},"type":"cond-expr","locations":[{"start":{"line":20,"column":73},"end":{"line":20,"column":137}},{"start":{"line":20,"column":140},"end":{"line":20,"column":156}}]},"2":{"loc":{"start":{"line":37,"column":2},"end":{"line":43,"column":3}},"type":"if","locations":[{"start":{"line":37,"column":2},"end":{"line":43,"column":3}}]},"3":{"loc":{"start":{"line":45,"column":2},"end":{"line":62,"column":3}},"type":"if","locations":[{"start":{"line":45,"column":2},"end":{"line":62,"column":3}},{"start":{"line":60,"column":9},"end":{"line":62,"column":3}}]},"4":{"loc":{"start":{"line":53,"column":4},"end":{"line":53,"column":77}},"type":"if","locations":[{"start":{"line":53,"column":4},"end":{"line":53,"column":77}}]},"5":{"loc":{"start":{"line":54,"column":4},"end":{"line":54,"column":115}},"type":"if","locations":[{"start":{"line":54,"column":4},"end":{"line":54,"column":115}}]},"6":{"loc":{"start":{"line":55,"column":4},"end":{"line":55,"column":76}},"type":"if","locations":[{"start":{"line":55,"column":4},"end":{"line":55,"column":76}}]},"7":{"loc":{"start":{"line":56,"column":4},"end":{"line":56,"column":105}},"type":"if","locations":[{"start":{"line":56,"column":4},"end":{"line":56,"column":105}}]},"8":{"loc":{"start":{"line":57,"column":4},"end":{"line":57,"column":88}},"type":"if","locations":[{"start":{"line":57,"column":4},"end":{"line":57,"column":88}}]},"9":{"loc":{"start":{"line":58,"column":4},"end":{"line":58,"column":100}},"type":"if","locations":[{"start":{"line":58,"column":4},"end":{"line":58,"column":100}}]}},"s":{"0":1,"1":9,"2":9,"3":9,"4":9,"5":1,"6":1,"7":1,"8":1,"9":9,"10":2,"11":2,"12":0,"13":2,"14":0,"15":2,"16":0,"17":2,"18":0,"19":2,"20":0,"21":2,"22":0,"23":2,"24":7,"25":9,"26":9},"f":{"0":9},"b":{"0":[1,8],"1":[1,8],"2":[1],"3":[2,7],"4":[0],"5":[0],"6":[0],"7":[0],"8":[0],"9":[0]}}
,"/home/ollie/Development/Projects/ai-pr-guardian/src/scorer.ts": {"path":"/home/ollie/Development/Projects/ai-pr-guardian/src/scorer.ts","statementMap":{"0":{"start":{"line":75,"column":0},"end":{"line":75,"column":16}},"1":{"start":{"line":2,"column":0},"end":{"line":2,"column":41}},"2":{"start":{"line":16,"column":27},"end":{"line":19,"column":2}},"3":{"start":{"line":20,"column":26},"end":{"line":20,"column":73}},"4":{"start":{"line":21,"column":27},"end":{"line":21,"column":95}},"5":{"start":{"line":24,"column":2},"end":{"line":24,"column":56}},"6":{"start":{"line":24,"column":38},"end":{"line":24,"column":54}},"7":{"start":{"line":27,"column":2},"end":{"line":27,"column":55}},"8":{"start":{"line":27,"column":37},"end":{"line":27,"column":53}},"9":{"start":{"line":30,"column":2},"end":{"line":30,"column":81}},"10":{"start":{"line":30,"column":38},"end":{"line":30,"column":54}},"11":{"start":{"line":33,"column":29},"end":{"line":36,"column":2}},"12":{"start":{"line":37,"column":28},"end":{"line":42,"column":2}},"13":{"start":{"line":45,"column":20},"end":{"line":45,"column":49}},"14":{"start":{"line":46,"column":2},"end":{"line":46,"column":65}},"15":{"start":{"line":46,"column":36},"end":{"line":46,"column":53}},"16":{"start":{"line":46,"column":56},"end":{"line":46,"column":65}},"17":{"start":{"line":47,"column":2},"end":{"line":47,"column":68}},"18":{"start":{"line":47,"column":37},"end":{"line":47,"column":54}},"19":{"start":{"line":47,"column":57},"end":{"line":47,"column":68}},"20":{"start":{"line":48,"column":2},"end":{"line":48,"column":40}},"21":{"start":{"line":48,"column":30},"end":{"line":48,"column":40}},"22":{"start":{"line":49,"column":2},"end":{"line":49,"column":12}},"23":{"start":{"line":53,"column":19},"end":{"line":53,"column":20}},"24":{"start":{"line":54,"column":23},"end":{"line":54,"column":24}},"25":{"start":{"line":55,"column":2},"end":{"line":68,"column":3}},"26":{"start":{"line":56,"column":4},"end":{"line":56,"column":30}},"27":{"start":{"line":56,"column":21},"end":{"line":56,"column":30}},"28":{"start":{"line":57,"column":23},"end":{"line":57,"column":100}},"29":{"start":{"line":57,"column":58},"end":{"line":57,"column":99}},"30":{"start":{"line":58,"column":17},"end":{"line":58,"column":42}},"31":{"start":{"line":59,"column":4},"end":{"line":63,"column":5}},"32":{"start":{"line":60,"column":22},"end":{"line":60,"column":42}},"33":{"start":{"line":61,"column":6},"end":{"line":61,"column":84}},"34":{"start":{"line":61,"column":75},"end":{"line":61,"column":84}},"35":{"start":{"line":62,"column":6},"end":{"line":62,"column":54}},"36":{"start":{"line":64,"column":4},"end":{"line":64,"column":36}},"37":{"start":{"line":65,"column":4},"end":{"line":67,"column":5}},"38":{"start":{"line":66,"column":6},"end":{"line":66,"column":49}},"39":{"start":{"line":66,"column":21},"end":{"line":66,"column":49}},"40":{"start":{"line":69,"column":2},"end":{"line":69,"column":88}},"41":{"start":{"line":69,"column":24},"end":{"line":69,"column":88}},"42":{"start":{"line":70,"column":16},"end":{"line":70,"column":43}},"43":{"start":{"line":71,"column":16},"end":{"line":71,"column":58}},"44":{"start":{"line":72,"column":2},"end":{"line":72,"column":85}},"45":{"start":{"line":80,"column":24},"end":{"line":80,"column":82}},"46":{"start":{"line":80,"column":42},"end":{"line":80,"column":81}},"47":{"start":{"line":81,"column":42},"end":{"line":81,"column":44}},"48":{"start":{"line":83,"column":20},"end":{"line":83,"column":69}},"49":{"start":{"line":83,"column":46},"end":{"line":83,"column":68}},"50":{"start":{"line":84,"column":20},"end":{"line":84,"column":69}},"51":{"start":{"line":84,"column":46},"end":{"line":84,"column":68}},"52":{"start":{"line":86,"column":2},"end":{"line":98,"column":3}},"53":{"start":{"line":87,"column":4},"end":{"line":87,"column":28}},"54":{"start":{"line":88,"column":4},"end":{"line":88,"column":64}},"55":{"start":{"line":89,"column":9},"end":{"line":98,"column":3}},"56":{"start":{"line":90,"column":4},"end":{"line":90,"column":26}},"57":{"start":{"line":91,"column":4},"end":{"line":91,"column":88}},"58":{"start":{"line":93,"column":26},"end":{"line":93,"column":72}},"59":{"start":{"line":93,"column":53},"end":{"line":93,"column":68}},"60":{"start":{"line":94,"column":26},"end":{"line":94,"column":72}},"61":{"start":{"line":94,"column":53},"end":{"line":94,"column":68}},"62":{"start":{"line":95,"column":18},"end":{"line":95,"column":73}},"63":{"start":{"line":96,"column":4},"end":{"line":96,"column":48}},"64":{"start":{"line":97,"column":4},"end":{"line":97,"column":92}},"65":{"start":{"line":100,"column":23},"end":{"line":100,"column":70}},"66":{"start":{"line":100,"column":40},"end":{"line":100,"column":69}},"67":{"start":{"line":101,"column":31},"end":{"line":103,"column":8}},"68":{"start":{"line":102,"column":47},"end":{"line":102,"column":52}},"69":{"start":{"line":104,"column":2},"end":{"line":104,"column":92}},"70":{"start":{"line":106,"column":56},"end":{"line":106,"column":94}},"71":{"start":{"line":107,"column":2},"end":{"line":107,"column":34}},"72":{"start":{"line":109,"column":21},"end":{"line":109,"column":105}},"73":{"start":{"line":109,"column":52},"end":{"line":109,"column":103}},"74":{"start":{"line":111,"column":2},"end":{"line":121,"column":3}},"75":{"start":{"line":112,"column":4},"end":{"line":112,"column":22}},"76":{"start":{"line":113,"column":4},"end":{"line":113,"column":64}},"77":{"start":{"line":114,"column":9},"end":{"line":121,"column":3}},"78":{"start":{"line":115,"column":4},"end":{"line":115,"column":21}},"79":{"start":{"line":116,"column":4},"end":{"line":116,"column":97}},"80":{"start":{"line":118,"column":25},"end":{"line":118,"column":63}},"81":{"start":{"line":119,"column":4},"end":{"line":119,"column":68}},"82":{"start":{"line":120,"column":4},"end":{"line":120,"column":93}},"83":{"start":{"line":124,"column":24},"end":{"line":124,"column":70}},"84":{"start":{"line":124,"column":48},"end":{"line":124,"column":69}},"85":{"start":{"line":125,"column":35},"end":{"line":125,"column":126}},"86":{"start":{"line":125,"column":61},"end":{"line":125,"column":83}},"87":{"start":{"line":125,"column":102},"end":{"line":125,"column":117}},"88":{"start":{"line":126,"column":2},"end":{"line":135,"column":3}},"89":{"start":{"line":127,"column":4},"end":{"line":127,"column":24}},"90":{"start":{"line":128,"column":4},"end":{"line":128,"column":84}},"91":{"start":{"line":129,"column":9},"end":{"line":135,"column":3}},"92":{"start":{"line":130,"column":4},"end":{"line":130,"column":24}},"93":{"start":{"line":131,"column":4},"end":{"line":131,"column":52}},"94":{"start":{"line":133,"column":4},"end":{"line":133,"column":23}},"95":{"start":{"line":134,"column":4},"end":{"line":134,"column":82}},"96":{"start":{"line":137,"column":21},"end":{"line":137,"column":22}},"97":{"start":{"line":138,"column":25},"end":{"line":138,"column":26}},"98":{"start":{"line":139,"column":21},"end":{"line":139,"column":135}},"99":{"start":{"line":140,"column":2},"end":{"line":147,"column":3}},"100":{"start":{"line":141,"column":4},"end":{"line":141,"column":30}},"101":{"start":{"line":141,"column":21},"end":{"line":141,"column":30}},"102":{"start":{"line":142,"column":18},"end":{"line":142,"column":95}},"103":{"start":{"line":142,"column":53},"end":{"line":142,"column":94}},"104":{"start":{"line":143,"column":4},"end":{"line":143,"column":33}},"105":{"start":{"line":144,"column":4},"end":{"line":146,"column":5}},"106":{"start":{"line":145,"column":6},"end":{"line":145,"column":106}},"107":{"start":{"line":145,"column":36},"end":{"line":145,"column":52}},"108":{"start":{"line":145,"column":53},"end":{"line":145,"column":104}},"109":{"start":{"line":145,"column":73},"end":{"line":145,"column":95}},"110":{"start":{"line":145,"column":96},"end":{"line":145,"column":102}},"111":{"start":{"line":148,"column":27},"end":{"line":148,"column":124}},"112":{"start":{"line":149,"column":2},"end":{"line":149,"column":138}},"113":{"start":{"line":151,"column":16},"end":{"line":157,"column":null}},"114":{"start":{"line":161,"column":2},"end":{"line":165,"column":19}},"115":{"start":{"line":161,"column":19},"end":{"line":161,"column":31}},"116":{"start":{"line":162,"column":7},"end":{"line":165,"column":19}},"117":{"start":{"line":162,"column":24},"end":{"line":162,"column":36}},"118":{"start":{"line":163,"column":7},"end":{"line":165,"column":19}},"119":{"start":{"line":163,"column":24},"end":{"line":163,"column":36}},"120":{"start":{"line":164,"column":7},"end":{"line":165,"column":19}},"121":{"start":{"line":164,"column":24},"end":{"line":164,"column":36}},"122":{"start":{"line":165,"column":7},"end":{"line":165,"column":19}},"123":{"start":{"line":167,"column":2},"end":{"line":167,"column":139}}},"fnMap":{"0":{"name":"isTestFile","decl":{"start":{"line":23,"column":9},"end":{"line":23,"column":19}},"loc":{"start":{"line":23,"column":36},"end":{"line":25,"column":1}}},"1":{"name":"(anonymous_1)","decl":{"start":{"line":24,"column":33},"end":{"line":24,"column":34}},"loc":{"start":{"line":24,"column":38},"end":{"line":24,"column":54}}},"2":{"name":"isDocFile","decl":{"start":{"line":26,"column":9},"end":{"line":26,"column":18}},"loc":{"start":{"line":26,"column":35},"end":{"line":28,"column":1}}},"3":{"name":"(anonymous_3)","decl":{"start":{"line":27,"column":32},"end":{"line":27,"column":33}},"loc":{"start":{"line":27,"column":37},"end":{"line":27,"column":53}}},"4":{"name":"isCodeFile","decl":{"start":{"line":29,"column":9},"end":{"line":29,"column":19}},"loc":{"start":{"line":29,"column":36},"end":{"line":31,"column":1}}},"5":{"name":"(anonymous_5)","decl":{"start":{"line":30,"column":33},"end":{"line":30,"column":34}},"loc":{"start":{"line":30,"column":38},"end":{"line":30,"column":54}}},"6":{"name":"scoreCommitMessage","decl":{"start":{"line":44,"column":9},"end":{"line":44,"column":27}},"loc":{"start":{"line":44,"column":43},"end":{"line":50,"column":1}}},"7":{"name":"(anonymous_7)","decl":{"start":{"line":46,"column":31},"end":{"line":46,"column":32}},"loc":{"start":{"line":46,"column":36},"end":{"line":46,"column":53}}},"8":{"name":"(anonymous_8)","decl":{"start":{"line":47,"column":32},"end":{"line":47,"column":33}},"loc":{"start":{"line":47,"column":37},"end":{"line":47,"column":54}}},"9":{"name":"computeDuplicationScore","decl":{"start":{"line":52,"column":9},"end":{"line":52,"column":32}},"loc":{"start":{"line":52,"column":57},"end":{"line":73,"column":1}}},"10":{"name":"(anonymous_10)","decl":{"start":{"line":57,"column":53},"end":{"line":57,"column":54}},"loc":{"start":{"line":57,"column":58},"end":{"line":57,"column":99}}},"11":{"name":"scorepr","decl":{"start":{"line":75,"column":16},"end":{"line":75,"column":23}},"loc":{"start":{"line":78,"column":23},"end":{"line":168,"column":1}}},"12":{"name":"(anonymous_12)","decl":{"start":{"line":80,"column":37},"end":{"line":80,"column":38}},"loc":{"start":{"line":80,"column":42},"end":{"line":80,"column":81}}},"13":{"name":"(anonymous_13)","decl":{"start":{"line":83,"column":41},"end":{"line":83,"column":42}},"loc":{"start":{"line":83,"column":46},"end":{"line":83,"column":68}}},"14":{"name":"(anonymous_14)","decl":{"start":{"line":84,"column":41},"end":{"line":84,"column":42}},"loc":{"start":{"line":84,"column":46},"end":{"line":84,"column":68}}},"15":{"name":"(anonymous_15)","decl":{"start":{"line":93,"column":43},"end":{"line":93,"column":44}},"loc":{"start":{"line":93,"column":53},"end":{"line":93,"column":68}}},"16":{"name":"(anonymous_16)","decl":{"start":{"line":94,"column":43},"end":{"line":94,"column":44}},"loc":{"start":{"line":94,"column":53},"end":{"line":94,"column":68}}},"17":{"name":"(anonymous_17)","decl":{"start":{"line":100,"column":35},"end":{"line":100,"column":36}},"loc":{"start":{"line":100,"column":40},"end":{"line":100,"column":69}}},"18":{"name":"(anonymous_18)","decl":{"start":{"line":102,"column":37},"end":{"line":102,"column":38}},"loc":{"start":{"line":102,"column":47},"end":{"line":102,"column":52}}},"19":{"name":"(anonymous_19)","decl":{"start":{"line":109,"column":47},"end":{"line":109,"column":48}},"loc":{"start":{"line":109,"column":52},"end":{"line":109,"column":103}}},"20":{"name":"(anonymous_20)","decl":{"start":{"line":124,"column":43},"end":{"line":124,"column":44}},"loc":{"start":{"line":124,"column":48},"end":{"line":124,"column":69}}},"21":{"name":"(anonymous_21)","decl":{"start":{"line":125,"column":56},"end":{"line":125,"column":57}},"loc":{"start":{"line":125,"column":61},"end":{"line":125,"column":83}}},"22":{"name":"(anonymous_22)","decl":{"start":{"line":125,"column":92},"end":{"line":125,"column":93}},"loc":{"start":{"line":125,"column":102},"end":{"line":125,"column":117}}},"23":{"name":"(anonymous_23)","decl":{"start":{"line":142,"column":48},"end":{"line":142,"column":49}},"loc":{"start":{"line":142,"column":53},"end":{"line":142,"column":94}}}},"branchMap":{"0":{"loc":{"start":{"line":30,"column":9},"end":{"line":30,"column":80}},"type":"binary-expr","locations":[{"start":{"line":30,"column":9},"end":{"line":30,"column":55}},{"start":{"line":30,"column":59},"end":{"line":30,"column":80}}]},"1":{"loc":{"start":{"line":46,"column":2},"end":{"line":46,"column":65}},"type":"if","locations":[{"start":{"line":46,"column":2},"end":{"line":46,"column":65}}]},"2":{"loc":{"start":{"line":47,"column":2},"end":{"line":47,"column":68}},"type":"if","locations":[{"start":{"line":47,"column":2},"end":{"line":47,"column":68}}]},"3":{"loc":{"start":{"line":48,"column":2},"end":{"line":48,"column":40}},"type":"if","locations":[{"start":{"line":48,"column":2},"end":{"line":48,"column":40}}]},"4":{"loc":{"start":{"line":56,"column":4},"end":{"line":56,"column":30}},"type":"if","locations":[{"start":{"line":56,"column":4},"end":{"line":56,"column":30}}]},"5":{"loc":{"start":{"line":57,"column":58},"end":{"line":57,"column":99}},"type":"binary-expr","locations":[{"start":{"line":57,"column":58},"end":{"line":57,"column":75}},{"start":{"line":57,"column":79},"end":{"line":57,"column":99}}]},"6":{"loc":{"start":{"line":61,"column":6},"end":{"line":61,"column":84}},"type":"if","locations":[{"start":{"line":61,"column":6},"end":{"line":61,"column":84}}]},"7":{"loc":{"start":{"line":61,"column":10},"end":{"line":61,"column":73}},"type":"binary-expr","locations":[{"start":{"line":61,"column":10},"end":{"line":61,"column":18}},{"start":{"line":61,"column":22},"end":{"line":61,"column":46}},{"start":{"line":61,"column":50},"end":{"line":61,"column":73}}]},"8":{"loc":{"start":{"line":62,"column":25},"end":{"line":62,"column":47}},"type":"binary-expr","locations":[{"start":{"line":62,"column":25},"end":{"line":62,"column":42}},{"start":{"line":62,"column":46},"end":{"line":62,"column":47}}]},"9":{"loc":{"start":{"line":66,"column":6},"end":{"line":66,"column":49}},"type":"if","locations":[{"start":{"line":66,"column":6},"end":{"line":66,"column":49}}]},"10":{"loc":{"start":{"line":69,"column":2},"end":{"line":69,"column":88}},"type":"if","locations":[{"start":{"line":69,"column":2},"end":{"line":69,"column":88}}]},"11":{"loc":{"start":{"line":86,"column":2},"end":{"line":98,"column":3}},"type":"if","locations":[{"start":{"line":86,"column":2},"end":{"line":98,"column":3}},{"start":{"line":89,"column":9},"end":{"line":98,"column":3}}]},"12":{"loc":{"start":{"line":89,"column":9},"end":{"line":98,"column":3}},"type":"if","locations":[{"start":{"line":89,"column":9},"end":{"line":98,"column":3}},{"start":{"line":92,"column":9},"end":{"line":98,"column":3}}]},"13":{"loc":{"start":{"line":101,"column":31},"end":{"line":103,"column":8}},"type":"cond-expr","locations":[{"start":{"line":102,"column":6},"end":{"line":102,"column":79}},{"start":{"line":103,"column":6},"end":{"line":103,"column":8}}]},"14":{"loc":{"start":{"line":109,"column":52},"end":{"line":109,"column":103}},"type":"binary-expr","locations":[{"start":{"line":109,"column":52},"end":{"line":109,"column":96}},{"start":{"line":109,"column":100},"end":{"line":109,"column":103}}]},"15":{"loc":{"start":{"line":111,"column":2},"end":{"line":121,"column":3}},"type":"if","locations":[{"start":{"line":111,"column":2},"end":{"line":121,"column":3}},{"start":{"line":114,"column":9},"end":{"line":121,"column":3}}]},"16":{"loc":{"start":{"line":114,"column":9},"end":{"line":121,"column":3}},"type":"if","locations":[{"start":{"line":114,"column":9},"end":{"line":121,"column":3}},{"start":{"line":117,"column":9},"end":{"line":121,"column":3}}]},"17":{"loc":{"start":{"line":114,"column":13},"end":{"line":114,"column":62}},"type":"binary-expr","locations":[{"start":{"line":114,"column":13},"end":{"line":114,"column":33}},{"start":{"line":114,"column":37},"end":{"line":114,"column":62}}]},"18":{"loc":{"start":{"line":126,"column":2},"end":{"line":135,"column":3}},"type":"if","locations":[{"start":{"line":126,"column":2},"end":{"line":135,"column":3}},{"start":{"line":129,"column":9},"end":{"line":135,"column":3}}]},"19":{"loc":{"start":{"line":129,"column":9},"end":{"line":135,"column":3}},"type":"if","locations":[{"start":{"line":129,"column":9},"end":{"line":135,"column":3}},{"start":{"line":132,"column":9},"end":{"line":135,"column":3}}]},"20":{"loc":{"start":{"line":141,"column":4},"end":{"line":141,"column":30}},"type":"if","locations":[{"start":{"line":141,"column":4},"end":{"line":141,"column":30}}]},"21":{"loc":{"start":{"line":142,"column":53},"end":{"line":142,"column":94}},"type":"binary-expr","locations":[{"start":{"line":142,"column":53},"end":{"line":142,"column":70}},{"start":{"line":142,"column":74},"end":{"line":142,"column":94}}]},"22":{"loc":{"start":{"line":145,"column":53},"end":{"line":145,"column":104}},"type":"if","locations":[{"start":{"line":145,"column":53},"end":{"line":145,"column":104}}]},"23":{"loc":{"start":{"line":148,"column":27},"end":{"line":148,"column":124}},"type":"cond-expr","locations":[{"start":{"line":148,"column":48},"end":{"line":148,"column":51}},{"start":{"line":148,"column":54},"end":{"line":148,"column":124}}]},"24":{"loc":{"start":{"line":149,"column":24},"end":{"line":149,"column":137}},"type":"cond-expr","locations":[{"start":{"line":149,"column":45},"end":{"line":149,"column":74}},{"start":{"line":149,"column":77},"end":{"line":149,"column":137}}]},"25":{"loc":{"start":{"line":161,"column":2},"end":{"line":165,"column":19}},"type":"if","locations":[{"start":{"line":161,"column":2},"end":{"line":165,"column":19}},{"start":{"line":162,"column":7},"end":{"line":165,"column":19}}]},"26":{"loc":{"start":{"line":162,"column":7},"end":{"line":165,"column":19}},"type":"if","locations":[{"start":{"line":162,"column":7},"end":{"line":165,"column":19}},{"start":{"line":163,"column":7},"end":{"line":165,"column":19}}]},"27":{"loc":{"start":{"line":163,"column":7},"end":{"line":165,"column":19}},"type":"if","locations":[{"start":{"line":163,"column":7},"end":{"line":165,"column":19}},{"start":{"line":164,"column":7},"end":{"line":165,"column":19}}]},"28":{"loc":{"start":{"line":164,"column":7},"end":{"line":165,"column":19}},"type":"if","locations":[{"start":{"line":164,"column":7},"end":{"line":165,"column":19}},{"start":{"line":165,"column":7},"end":{"line":165,"column":19}}]}},"s":{"0":1,"1":1,"2":1,"3":1,"4":1,"5":107,"6":211,"7":37,"8":142,"9":74,"10":74,"11":1,"12":1,"13":12,"14":12,"15":42,"16":2,"17":10,"18":12,"19":8,"20":2,"21":2,"22":0,"23":12,"24":12,"25":12,"26":37,"27":33,"28":4,"29":249,"30":4,"31":4,"32":47,"33":47,"34":0,"35":47,"36":4,"37":4,"38":4,"39":2,"40":12,"41":8,"42":4,"43":4,"44":4,"45":12,"46":38,"47":12,"48":12,"49":37,"50":12,"51":37,"52":12,"53":2,"54":2,"55":10,"56":9,"57":9,"58":1,"59":1,"60":1,"61":1,"62":1,"63":1,"64":1,"65":12,"66":12,"67":12,"68":12,"69":12,"70":12,"71":12,"72":12,"73":37,"74":12,"75":11,"76":11,"77":1,"78":1,"79":1,"80":0,"81":0,"82":0,"83":12,"84":37,"85":12,"86":37,"87":34,"88":12,"89":9,"90":9,"91":3,"92":1,"93":1,"94":2,"95":2,"96":12,"97":12,"98":12,"99":12,"100":37,"101":33,"102":4,"103":249,"104":4,"105":4,"106":47,"107":188,"108":188,"109":0,"110":0,"111":12,"112":12,"113":12,"114":12,"115":3,"116":9,"117":2,"118":7,"119":6,"120":1,"121":1,"122":0,"123":12},"f":{"0":107,"1":211,"2":37,"3":142,"4":74,"5":74,"6":12,"7":42,"8":12,"9":12,"10":249,"11":12,"12":38,"13":37,"14":37,"15":1,"16":1,"17":12,"18":12,"19":37,"20":37,"21":37,"22":34,"23":249},"b":{"0":[74,70],"1":[2],"2":[8],"3":[2],"4":[33],"5":[249,47],"6":[0],"7":[47,47,47],"8":[47,4],"9":[2],"10":[8],"11":[2,10],"12":[9,1],"13":[12,0],"14":[37,2],"15":[11,1],"16":[1,0],"17":[1,1],"18":[9,3],"19":[1,2],"20":[33],"21":[249,47],"22":[0],"23":[8,4],"24":[8,4],"25":[3,9],"26":[2,7],"27":[6,1],"28":[1,0]}}
}
