TN:
SF:src/config.ts
FN:27,parseConfig
FN:40,(anonymous_1)
FN:43,(anonymous_2)
FN:49,isIgnoredPath
FNF:4
FNH:4
FNDA:12,parseConfig
FNDA:2,(anonymous_1)
FNDA:2,(anonymous_2)
FNDA:42,isIgnoredPath
DA:14,3
DA:27,3
DA:28,12
DA:30,12
DA:31,3
DA:33,12
DA:34,4
DA:36,12
DA:37,1
DA:39,12
DA:40,2
DA:42,12
DA:43,2
DA:46,12
DA:49,3
DA:50,42
DA:51,5
DA:52,5
DA:53,4
DA:56,38
LF:20
LH:20
BRDA:30,0,0,3
BRDA:33,1,0,4
BRDA:33,2,0,12
BRDA:33,2,1,11
BRDA:33,2,2,10
BRDA:33,2,3,9
BRDA:36,3,0,1
BRDA:36,4,0,12
BRDA:36,4,1,1
BRDA:36,4,2,1
BRDA:39,5,0,1
BRDA:42,6,0,1
BRDA:52,7,0,4
BRDA:52,8,0,5
BRDA:52,8,1,1
BRF:15
BRH:15
end_of_record
TN:
SF:src/detector.ts
FN:33,detectAiGenerated
FN:70,(anonymous_1)
FN:70,(anonymous_2)
FN:72,(anonymous_3)
FN:73,(anonymous_4)
FN:82,(anonymous_5)
FN:83,(anonymous_6)
FN:86,(anonymous_7)
FN:92,(anonymous_8)
FNF:9
FNH:9
FNDA:7,detectAiGenerated
FNDA:71,(anonymous_1)
FNDA:69,(anonymous_2)
FNDA:63,(anonymous_3)
FNDA:63,(anonymous_4)
FNDA:7,(anonymous_5)
FNDA:17,(anonymous_6)
FNDA:2,(anonymous_7)
FNDA:71,(anonymous_8)
DA:20,1
DA:27,1
DA:33,1
DA:39,7
DA:40,7
DA:42,7
DA:43,7
DA:44,7
DA:45,7
DA:46,7
DA:47,7
DA:48,7
DA:49,71
DA:50,134
DA:51,134
DA:52,50
DA:53,50
DA:58,7
DA:59,2
DA:60,2
DA:63,7
DA:64,2
DA:65,2
DA:68,7
DA:69,7
DA:70,71
DA:71,7
DA:72,63
DA:73,63
DA:74,3
DA:75,2
DA:76,2
DA:77,2
DA:82,7
DA:83,17
DA:85,7
DA:86,2
DA:87,2
DA:90,7
DA:91,7
DA:92,71
DA:93,7
DA:94,7
DA:95,3
DA:96,3
DA:97,3
DA:101,7
DA:102,7
DA:104,7
LF:49
LH:49
BRDA:45,0,0,0
BRDA:51,1,0,50
BRDA:58,2,0,2
BRDA:58,3,0,7
BRDA:58,3,1,7
BRDA:63,4,0,2
BRDA:63,5,0,7
BRDA:63,5,1,2
BRDA:69,6,0,0
BRDA:70,7,0,71
BRDA:70,7,1,70
BRDA:71,8,0,3
BRDA:74,9,0,2
BRDA:74,10,0,3
BRDA:74,10,1,3
BRDA:85,11,0,2
BRDA:87,12,0,2
BRDA:87,12,1,0
BRDA:91,13,0,0
BRDA:92,14,0,71
BRDA:92,14,1,70
BRDA:94,15,0,3
BRDA:94,16,0,7
BRDA:94,16,1,3
BRF:24
BRH:20
end_of_record
TN:
SF:src/index.ts
FN:11,run
FN:60,(anonymous_10)
FN:70,(anonymous_11)
FN:72,(anonymous_12)
FN:73,(anonymous_13)
FNF:5
FNH:0
FNDA:0,run
FNDA:0,(anonymous_10)
FNDA:0,(anonymous_11)
FNDA:0,(anonymous_12)
FNDA:0,(anonymous_13)
DA:1,0
DA:2,0
DA:3,0
DA:4,0
DA:5,0
DA:6,0
DA:7,0
DA:8,0
DA:9,0
DA:12,0
DA:13,0
DA:14,0
DA:15,0
DA:16,0
DA:18,0
DA:19,0
DA:21,0
DA:22,0
DA:23,0
DA:26,0
DA:27,0
DA:28,0
DA:29,0
DA:30,0
DA:32,0
DA:34,0
DA:35,0
DA:36,0
DA:37,0
DA:38,0
DA:39,0
DA:41,0
DA:46,0
DA:47,0
DA:48,0
DA:50,0
DA:51,0
DA:54,0
DA:55,0
DA:56,0
DA:59,0
DA:60,0
DA:69,0
DA:70,0
DA:72,0
DA:73,0
DA:75,0
DA:76,0
DA:77,0
DA:78,0
DA:80,0
DA:81,0
DA:82,0
DA:83,0
DA:85,0
DA:86,0
DA:88,0
DA:89,0
DA:92,0
DA:93,0
DA:94,0
DA:98,0
DA:99,0
DA:100,0
DA:103,0
DA:104,0
DA:106,0
DA:109,0
DA:113,0
LF:69
LH:0
BRDA:21,0,0,0
BRDA:34,1,0,0
BRDA:36,2,0,0
BRDA:46,3,0,0
BRDA:48,4,0,0
BRDA:50,5,0,0
BRDA:50,6,0,0
BRDA:50,6,1,0
BRDA:54,7,0,0
BRDA:72,8,0,0
BRDA:72,8,1,0
BRDA:73,9,0,0
BRDA:73,9,1,0
BRDA:88,10,0,0
BRDA:88,11,0,0
BRDA:88,11,1,0
BRDA:92,12,0,0
BRDA:92,13,0,0
BRDA:92,13,1,0
BRDA:98,14,0,0
BRDA:98,15,0,0
BRDA:98,15,1,0
BRDA:98,15,2,0
BRDA:103,16,0,0
BRDA:103,16,1,0
BRDA:109,17,0,0
BRDA:109,17,1,0
BRF:27
BRH:0
end_of_record
TN:
SF:src/labels.ts
FN:10,computeLabels
FN:37,(anonymous_1)
FNF:2
FNH:2
FNDA:7,computeLabels
FNDA:18,(anonymous_1)
DA:10,1
DA:15,7
DA:16,7
DA:18,7
DA:19,4
DA:20,4
DA:21,3
DA:22,2
DA:23,2
DA:25,1
DA:26,1
DA:29,7
DA:30,3
DA:32,4
DA:35,7
DA:37,18
LF:16
LH:16
BRDA:18,0,0,4
BRDA:18,0,1,3
BRDA:21,1,0,2
BRDA:21,1,1,1
BRDA:29,2,0,3
BRDA:29,2,1,4
BRF:6
BRH:6
end_of_record
TN:
SF:src/reporter.ts
FN:4,formatReport
FNF:1
FNH:1
FNDA:9,formatReport
DA:4,1
DA:10,9
DA:11,9
DA:13,9
DA:37,9
DA:38,1
DA:39,1
DA:40,1
DA:42,1
DA:45,9
DA:46,2
DA:53,2
DA:54,2
DA:55,2
DA:56,2
DA:57,2
DA:58,2
DA:59,2
DA:61,7
DA:64,9
DA:66,9
LF:21
LH:21
BRDA:11,0,0,1
BRDA:11,0,1,8
BRDA:20,1,0,1
BRDA:20,1,1,8
BRDA:37,2,0,1
BRDA:45,3,0,2
BRDA:45,3,1,7
BRDA:53,4,0,0
BRDA:54,5,0,0
BRDA:55,6,0,0
BRDA:56,7,0,0
BRDA:57,8,0,0
BRDA:58,9,0,0
BRF:13
BRH:7
end_of_record
TN:
SF:src/scorer.ts
FN:23,isTestFile
FN:24,(anonymous_1)
FN:26,isDocFile
FN:27,(anonymous_3)
FN:29,isCodeFile
FN:30,(anonymous_5)
FN:44,scoreCommitMessage
FN:46,(anonymous_7)
FN:47,(anonymous_8)
FN:52,computeDuplicationScore
FN:57,(anonymous_10)
FN:75,scorepr
FN:80,(anonymous_12)
FN:83,(anonymous_13)
FN:84,(anonymous_14)
FN:93,(anonymous_15)
FN:94,(anonymous_16)
FN:100,(anonymous_17)
FN:102,(anonymous_18)
FN:109,(anonymous_19)
FN:124,(anonymous_20)
FN:125,(anonymous_21)
FN:125,(anonymous_22)
FN:142,(anonymous_23)
FNF:24
FNH:24
FNDA:107,isTestFile
FNDA:211,(anonymous_1)
FNDA:37,isDocFile
FNDA:142,(anonymous_3)
FNDA:74,isCodeFile
FNDA:74,(anonymous_5)
FNDA:12,scoreCommitMessage
FNDA:42,(anonymous_7)
FNDA:12,(anonymous_8)
FNDA:12,computeDuplicationScore
FNDA:249,(anonymous_10)
FNDA:12,scorepr
FNDA:38,(anonymous_12)
FNDA:37,(anonymous_13)
FNDA:37,(anonymous_14)
FNDA:1,(anonymous_15)
FNDA:1,(anonymous_16)
FNDA:12,(anonymous_17)
FNDA:12,(anonymous_18)
FNDA:37,(anonymous_19)
FNDA:37,(anonymous_20)
FNDA:37,(anonymous_21)
FNDA:34,(anonymous_22)
FNDA:249,(anonymous_23)
DA:2,1
DA:16,1
DA:20,1
DA:21,1
DA:24,211
DA:27,142
DA:30,74
DA:33,1
DA:37,1
DA:45,12
DA:46,42
DA:47,12
DA:48,2
DA:49,0
DA:53,12
DA:54,12
DA:55,12
DA:56,37
DA:57,249
DA:58,4
DA:59,4
DA:60,47
DA:61,47
DA:62,47
DA:64,4
DA:65,4
DA:66,4
DA:69,12
DA:70,4
DA:71,4
DA:72,4
DA:75,1
DA:80,38
DA:81,12
DA:83,37
DA:84,37
DA:86,12
DA:87,2
DA:88,2
DA:89,10
DA:90,9
DA:91,9
DA:93,1
DA:94,1
DA:95,1
DA:96,1
DA:97,1
DA:100,12
DA:101,12
DA:102,12
DA:104,12
DA:106,12
DA:107,12
DA:109,37
DA:111,12
DA:112,11
DA:113,11
DA:114,1
DA:115,1
DA:116,1
DA:118,0
DA:119,0
DA:120,0
DA:124,37
DA:125,37
DA:126,12
DA:127,9
DA:128,9
DA:129,3
DA:130,1
DA:131,1
DA:133,2
DA:134,2
DA:137,12
DA:138,12
DA:139,12
DA:140,12
DA:141,37
DA:142,249
DA:143,4
DA:144,4
DA:145,188
DA:148,12
DA:149,12
DA:151,12
DA:161,12
DA:162,9
DA:163,7
DA:164,1
DA:165,0
DA:167,12
LF:91
LH:86
BRDA:30,0,0,74
BRDA:30,0,1,70
BRDA:46,1,0,2
BRDA:47,2,0,8
BRDA:48,3,0,2
BRDA:56,4,0,33
BRDA:57,5,0,249
BRDA:57,5,1,47
BRDA:61,6,0,0
BRDA:61,7,0,47
BRDA:61,7,1,47
BRDA:61,7,2,47
BRDA:62,8,0,47
BRDA:62,8,1,4
BRDA:66,9,0,2
BRDA:69,10,0,8
BRDA:86,11,0,2
BRDA:86,11,1,10
BRDA:89,12,0,9
BRDA:89,12,1,1
BRDA:101,13,0,12
BRDA:101,13,1,0
BRDA:109,14,0,37
BRDA:109,14,1,2
BRDA:111,15,0,11
BRDA:111,15,1,1
BRDA:114,16,0,1
BRDA:114,16,1,0
BRDA:114,17,0,1
BRDA:114,17,1,1
BRDA:126,18,0,9
BRDA:126,18,1,3
BRDA:129,19,0,1
BRDA:129,19,1,2
BRDA:141,20,0,33
BRDA:142,21,0,249
BRDA:142,21,1,47
BRDA:145,22,0,0
BRDA:148,23,0,8
BRDA:148,23,1,4
BRDA:149,24,0,8
BRDA:149,24,1,4
BRDA:161,25,0,3
BRDA:161,25,1,9
BRDA:162,26,0,2
BRDA:162,26,1,7
BRDA:163,27,0,6
BRDA:163,27,1,1
BRDA:164,28,0,1
BRDA:164,28,1,0
BRF:50
BRH:45
end_of_record
